{"timestamp":"1529728459.045774937","source":"atc","message":"atc.db.failed-to-open-db-retrying","log_level":2,"data":{"error":"dial tcp 10.0.16.5:5432: connect: connection refused","session":"3"}}
{"timestamp":"1529728464.046813726","source":"atc","message":"atc.db.failed-to-open-db-retrying","log_level":2,"data":{"error":"dial tcp 10.0.16.5:5432: connect: connection refused","session":"3"}}
{"timestamp":"1529728469.047772169","source":"atc","message":"atc.db.failed-to-open-db-retrying","log_level":2,"data":{"error":"dial tcp 10.0.16.5:5432: connect: connection refused","session":"3"}}
{"timestamp":"1529728474.048647642","source":"atc","message":"atc.db.failed-to-open-db-retrying","log_level":2,"data":{"error":"dial tcp 10.0.16.5:5432: connect: connection refused","session":"3"}}
{"timestamp":"1529728479.049880266","source":"atc","message":"atc.db.failed-to-open-db-retrying","log_level":2,"data":{"error":"dial tcp 10.0.16.5:5432: connect: connection refused","session":"3"}}
{"timestamp":"1529728484.050574780","source":"atc","message":"atc.db.failed-to-open-db-retrying","log_level":2,"data":{"error":"dial tcp 10.0.16.5:5432: connect: connection refused","session":"3"}}
{"timestamp":"1529728489.051287413","source":"atc","message":"atc.db.failed-to-open-db-retrying","log_level":2,"data":{"error":"dial tcp 10.0.16.5:5432: connect: connection refused","session":"3"}}
{"timestamp":"1529728494.051925182","source":"atc","message":"atc.db.failed-to-open-db-retrying","log_level":2,"data":{"error":"dial tcp 10.0.16.5:5432: connect: connection refused","session":"3"}}
{"timestamp":"1529728499.052715540","source":"atc","message":"atc.db.failed-to-open-db-retrying","log_level":2,"data":{"error":"dial tcp 10.0.16.5:5432: connect: connection refused","session":"3"}}
{"timestamp":"1529728504.053333044","source":"atc","message":"atc.db.failed-to-open-db-retrying","log_level":2,"data":{"error":"dial tcp 10.0.16.5:5432: connect: connection refused","session":"3"}}
{"timestamp":"1529728510.737059116","source":"atc","message":"atc.build-tracker.track.start","log_level":0,"data":{"session":"34.1"}}
{"timestamp":"1529728510.737271309","source":"atc","message":"atc.listening","log_level":1,"data":{"debug":"127.0.0.1:8079","http":"0.0.0.0:80","https":"0.0.0.0:443"}}
{"timestamp":"1529728510.742659569","source":"atc","message":"atc.build-tracker.track.done","log_level":0,"data":{"session":"34.1"}}
{"timestamp":"1529728520.736741066","source":"atc","message":"atc.build-tracker.track.start","log_level":0,"data":{"session":"34.2"}}
{"timestamp":"1529728520.740825415","source":"atc","message":"atc.build-tracker.track.done","log_level":0,"data":{"session":"34.2"}}
{"timestamp":"1529728530.736722708","source":"atc","message":"atc.build-tracker.track.start","log_level":0,"data":{"session":"34.3"}}
{"timestamp":"1529728530.739437103","source":"atc","message":"atc.build-tracker.track.done","log_level":0,"data":{"session":"34.3"}}
{"timestamp":"1529728537.953895569","source":"atc","message":"atc.list-destroying-containers-worker.list","log_level":0,"data":{"destroying-container-count":0,"name":"89a60a5b-2500-4040-8d54-4e4b199e4509","session":"45"}}
{"timestamp":"1529728537.972384691","source":"atc","message":"atc.report-containers-for-worker.handles-info","log_level":0,"data":{"name":"89a60a5b-2500-4040-8d54-4e4b199e4509","num-handles":0,"session":"48"}}
{"timestamp":"1529728537.991875887","source":"atc","message":"atc.marked-volumes-for-worker.list","log_level":0,"data":{"destroying-volume-count":0,"session":"51","worker_name":"89a60a5b-2500-4040-8d54-4e4b199e4509"}}
{"timestamp":"1529728538.012017727","source":"atc","message":"atc.report-volumes-for-worker.handles-info","log_level":0,"data":{"handles-count":0,"name":"89a60a5b-2500-4040-8d54-4e4b199e4509","session":"56"}}
{"timestamp":"1529728540.737022400","source":"atc","message":"atc.build-tracker.track.start","log_level":0,"data":{"session":"34.4"}}
{"timestamp":"1529728540.738133430","source":"atc","message":"atc.collector.tick.acquire.acquired","log_level":0,"data":{"id":[3,-824445620],"session":"36.1.1"}}
{"timestamp":"1529728540.738212347","source":"atc","message":"atc.collector.tick.build-collector.start","log_level":0,"data":{"session":"36.1.2"}}
{"timestamp":"1529728540.738622189","source":"atc","message":"atc.build-tracker.track.done","log_level":0,"data":{"session":"34.4"}}
{"timestamp":"1529728540.739093304","source":"atc","message":"atc.build-log-collector.tick.acquire.acquired","log_level":0,"data":{"id":[3,997540461],"session":"38.1.1"}}
{"timestamp":"1529728540.739124775","source":"atc","message":"atc.build-log-collector.tick.build-reaper.start","log_level":0,"data":{"session":"38.1.2"}}
{"timestamp":"1529728540.739598036","source":"atc","message":"atc.collector.tick.build-collector.done","log_level":0,"data":{"session":"36.1.2"}}
{"timestamp":"1529728540.739619017","source":"atc","message":"atc.collector.tick.worker-collector.start","log_level":0,"data":{"session":"36.1.3"}}
{"timestamp":"1529728540.739805460","source":"atc","message":"atc.build-log-collector.tick.build-reaper.done","log_level":0,"data":{"session":"38.1.2"}}
{"timestamp":"1529728540.741114378","source":"atc","message":"atc.build-log-collector.tick.release.released","log_level":0,"data":{"id":[3,997540461],"session":"38.1.3"}}
{"timestamp":"1529728540.745031595","source":"atc","message":"atc.collector.tick.worker-collector.done","log_level":0,"data":{"session":"36.1.3"}}
{"timestamp":"1529728540.745079517","source":"atc","message":"atc.collector.tick.resource-cache-use-collector.start","log_level":0,"data":{"session":"36.1.4"}}
{"timestamp":"1529728540.746642590","source":"atc","message":"atc.collector.tick.resource-cache-use-collector.done","log_level":0,"data":{"session":"36.1.4"}}
{"timestamp":"1529728540.746675253","source":"atc","message":"atc.collector.tick.resource-config-collector.start","log_level":0,"data":{"session":"36.1.5"}}
{"timestamp":"1529728540.747716188","source":"atc","message":"atc.collector.tick.resource-config-collector.done","log_level":0,"data":{"session":"36.1.5"}}
{"timestamp":"1529728540.747783899","source":"atc","message":"atc.collector.tick.resource-cache-collector.start","log_level":0,"data":{"session":"36.1.6"}}
{"timestamp":"1529728540.750843763","source":"atc","message":"atc.collector.tick.resource-cache-collector.done","log_level":0,"data":{"session":"36.1.6"}}
{"timestamp":"1529728540.750931978","source":"atc","message":"atc.collector.tick.resource-config-check-session-collector.start","log_level":0,"data":{"session":"36.1.7"}}
{"timestamp":"1529728540.753108025","source":"atc","message":"atc.collector.tick.resource-config-check-session-collector.done","log_level":0,"data":{"session":"36.1.7"}}
{"timestamp":"1529728540.753145933","source":"atc","message":"atc.collector.tick.container-collector.start","log_level":0,"data":{"session":"36.1.8"}}
{"timestamp":"1529728540.756434202","source":"atc","message":"atc.collector.tick.container-collector.done","log_level":0,"data":{"session":"36.1.8"}}
{"timestamp":"1529728540.756474972","source":"atc","message":"atc.collector.tick.volume-collector.start","log_level":0,"data":{"session":"36.1.9"}}
{"timestamp":"1529728540.759342670","source":"atc","message":"atc.collector.tick.volume-collector.done","log_level":0,"data":{"session":"36.1.9"}}
{"timestamp":"1529728540.759955883","source":"atc","message":"atc.collector.tick.release.released","log_level":0,"data":{"id":[3,-824445620],"session":"36.1.10"}}
{"timestamp":"1529728550.736797333","source":"atc","message":"atc.build-tracker.track.start","log_level":0,"data":{"session":"34.5"}}
{"timestamp":"1529728550.739805698","source":"atc","message":"atc.build-tracker.track.done","log_level":0,"data":{"session":"34.5"}}
{"timestamp":"1529728560.736880541","source":"atc","message":"atc.build-tracker.track.start","log_level":0,"data":{"session":"34.6"}}
{"timestamp":"1529728560.739638090","source":"atc","message":"atc.build-tracker.track.done","log_level":0,"data":{"session":"34.6"}}
{"timestamp":"1529728567.954942226","source":"atc","message":"atc.list-destroying-containers-worker.list","log_level":0,"data":{"destroying-container-count":0,"name":"89a60a5b-2500-4040-8d54-4e4b199e4509","session":"64"}}
{"timestamp":"1529728567.973004341","source":"atc","message":"atc.report-containers-for-worker.handles-info","log_level":0,"data":{"name":"89a60a5b-2500-4040-8d54-4e4b199e4509","num-handles":0,"session":"67"}}
{"timestamp":"1529728567.991939068","source":"atc","message":"atc.marked-volumes-for-worker.list","log_level":0,"data":{"destroying-volume-count":0,"session":"70","worker_name":"89a60a5b-2500-4040-8d54-4e4b199e4509"}}
{"timestamp":"1529728568.010592461","source":"atc","message":"atc.report-volumes-for-worker.handles-info","log_level":0,"data":{"handles-count":0,"name":"89a60a5b-2500-4040-8d54-4e4b199e4509","session":"75"}}
{"timestamp":"1529728570.737320423","source":"atc","message":"atc.build-tracker.track.start","log_level":0,"data":{"session":"34.7"}}
{"timestamp":"1529728570.739493370","source":"atc","message":"atc.collector.tick.acquire.acquired","log_level":0,"data":{"id":[3,-824445620],"session":"36.2.1"}}
{"timestamp":"1529728570.739541292","source":"atc","message":"atc.collector.tick.build-collector.start","log_level":0,"data":{"session":"36.2.2"}}
{"timestamp":"1529728570.741351604","source":"atc","message":"atc.build-log-collector.tick.acquire.acquired","log_level":0,"data":{"id":[3,997540461],"session":"38.2.1"}}
{"timestamp":"1529728570.741408825","source":"atc","message":"atc.build-log-collector.tick.build-reaper.start","log_level":0,"data":{"session":"38.2.2"}}
{"timestamp":"1529728570.741775513","source":"atc","message":"atc.collector.tick.build-collector.done","log_level":0,"data":{"session":"36.2.2"}}
{"timestamp":"1529728570.741797924","source":"atc","message":"atc.collector.tick.worker-collector.start","log_level":0,"data":{"session":"36.2.3"}}
{"timestamp":"1529728570.741965771","source":"atc","message":"atc.build-log-collector.tick.build-reaper.done","log_level":0,"data":{"session":"38.2.2"}}
{"timestamp":"1529728570.742572546","source":"atc","message":"atc.build-log-collector.tick.release.released","log_level":0,"data":{"id":[3,997540461],"session":"38.2.3"}}
{"timestamp":"1529728570.744908333","source":"atc","message":"atc.collector.tick.worker-collector.done","log_level":0,"data":{"session":"36.2.3"}}
{"timestamp":"1529728570.744937181","source":"atc","message":"atc.collector.tick.resource-cache-use-collector.start","log_level":0,"data":{"session":"36.2.4"}}
{"timestamp":"1529728570.746074677","source":"atc","message":"atc.collector.tick.resource-cache-use-collector.done","log_level":0,"data":{"session":"36.2.4"}}
{"timestamp":"1529728570.746105671","source":"atc","message":"atc.collector.tick.resource-config-collector.start","log_level":0,"data":{"session":"36.2.5"}}
{"timestamp":"1529728570.746597052","source":"atc","message":"atc.collector.tick.resource-config-collector.done","log_level":0,"data":{"session":"36.2.5"}}
{"timestamp":"1529728570.746618509","source":"atc","message":"atc.collector.tick.resource-cache-collector.start","log_level":0,"data":{"session":"36.2.6"}}
{"timestamp":"1529728570.748462439","source":"atc","message":"atc.collector.tick.resource-cache-collector.done","log_level":0,"data":{"session":"36.2.6"}}
{"timestamp":"1529728570.748536825","source":"atc","message":"atc.collector.tick.resource-config-check-session-collector.start","log_level":0,"data":{"session":"36.2.7"}}
{"timestamp":"1529728570.750156641","source":"atc","message":"atc.build-tracker.track.done","log_level":0,"data":{"session":"34.7"}}
{"timestamp":"1529728570.750957012","source":"atc","message":"atc.collector.tick.resource-config-check-session-collector.done","log_level":0,"data":{"session":"36.2.7"}}
{"timestamp":"1529728570.750981808","source":"atc","message":"atc.collector.tick.container-collector.start","log_level":0,"data":{"session":"36.2.8"}}
{"timestamp":"1529728570.754331350","source":"atc","message":"atc.collector.tick.container-collector.done","log_level":0,"data":{"session":"36.2.8"}}
{"timestamp":"1529728570.754365206","source":"atc","message":"atc.collector.tick.volume-collector.start","log_level":0,"data":{"session":"36.2.9"}}
{"timestamp":"1529728570.756058455","source":"atc","message":"atc.collector.tick.volume-collector.done","log_level":0,"data":{"session":"36.2.9"}}
{"timestamp":"1529728570.756571293","source":"atc","message":"atc.collector.tick.release.released","log_level":0,"data":{"id":[3,-824445620],"session":"36.2.10"}}
{"timestamp":"1529728580.736763954","source":"atc","message":"atc.build-tracker.track.start","log_level":0,"data":{"session":"34.8"}}
{"timestamp":"1529728580.739514351","source":"atc","message":"atc.build-tracker.track.done","log_level":0,"data":{"session":"34.8"}}
{"timestamp":"1529728590.736730099","source":"atc","message":"atc.build-tracker.track.start","log_level":0,"data":{"session":"34.9"}}
{"timestamp":"1529728590.739386082","source":"atc","message":"atc.build-tracker.track.done","log_level":0,"data":{"session":"34.9"}}
{"timestamp":"1529728597.958578825","source":"atc","message":"atc.list-destroying-containers-worker.list","log_level":0,"data":{"destroying-container-count":0,"name":"89a60a5b-2500-4040-8d54-4e4b199e4509","session":"83"}}
{"timestamp":"1529728597.979335308","source":"atc","message":"atc.report-containers-for-worker.handles-info","log_level":0,"data":{"name":"89a60a5b-2500-4040-8d54-4e4b199e4509","num-handles":0,"session":"86"}}
{"timestamp":"1529728598.000642300","source":"atc","message":"atc.marked-volumes-for-worker.list","log_level":0,"data":{"destroying-volume-count":0,"session":"89","worker_name":"89a60a5b-2500-4040-8d54-4e4b199e4509"}}
{"timestamp":"1529728598.018940210","source":"atc","message":"atc.report-volumes-for-worker.handles-info","log_level":0,"data":{"handles-count":0,"name":"89a60a5b-2500-4040-8d54-4e4b199e4509","session":"94"}}
{"timestamp":"1529728600.737036943","source":"atc","message":"atc.build-tracker.track.start","log_level":0,"data":{"session":"34.10"}}
{"timestamp":"1529728600.737968922","source":"atc","message":"atc.build-log-collector.tick.acquire.acquired","log_level":0,"data":{"id":[3,997540461],"session":"38.3.1"}}
{"timestamp":"1529728600.738010406","source":"atc","message":"atc.build-log-collector.tick.build-reaper.start","log_level":0,"data":{"session":"38.3.2"}}
{"timestamp":"1529728600.738546848","source":"atc","message":"atc.build-tracker.track.done","log_level":0,"data":{"session":"34.10"}}
{"timestamp":"1529728600.738817930","source":"atc","message":"atc.build-log-collector.tick.build-reaper.done","log_level":0,"data":{"session":"38.3.2"}}
{"timestamp":"1529728600.738899708","source":"atc","message":"atc.collector.tick.acquire.acquired","log_level":0,"data":{"id":[3,-824445620],"session":"36.3.1"}}
{"timestamp":"1529728600.738921642","source":"atc","message":"atc.collector.tick.build-collector.start","log_level":0,"data":{"session":"36.3.2"}}
{"timestamp":"1529728600.739513636","source":"atc","message":"atc.build-log-collector.tick.release.released","log_level":0,"data":{"id":[3,997540461],"session":"38.3.3"}}
{"timestamp":"1529728600.739922285","source":"atc","message":"atc.collector.tick.build-collector.done","log_level":0,"data":{"session":"36.3.2"}}
{"timestamp":"1529728600.739943266","source":"atc","message":"atc.collector.tick.worker-collector.start","log_level":0,"data":{"session":"36.3.3"}}
{"timestamp":"1529728600.744133949","source":"atc","message":"atc.collector.tick.worker-collector.done","log_level":0,"data":{"session":"36.3.3"}}
{"timestamp":"1529728600.744180202","source":"atc","message":"atc.collector.tick.resource-cache-use-collector.start","log_level":0,"data":{"session":"36.3.4"}}
{"timestamp":"1529728600.745458841","source":"atc","message":"atc.collector.tick.resource-cache-use-collector.done","log_level":0,"data":{"session":"36.3.4"}}
{"timestamp":"1529728600.745558262","source":"atc","message":"atc.collector.tick.resource-config-collector.start","log_level":0,"data":{"session":"36.3.5"}}
{"timestamp":"1529728600.746059179","source":"atc","message":"atc.collector.tick.resource-config-collector.done","log_level":0,"data":{"session":"36.3.5"}}
{"timestamp":"1529728600.746081114","source":"atc","message":"atc.collector.tick.resource-cache-collector.start","log_level":0,"data":{"session":"36.3.6"}}
{"timestamp":"1529728600.749087572","source":"atc","message":"atc.collector.tick.resource-cache-collector.done","log_level":0,"data":{"session":"36.3.6"}}
{"timestamp":"1529728600.749150991","source":"atc","message":"atc.collector.tick.resource-config-check-session-collector.start","log_level":0,"data":{"session":"36.3.7"}}
{"timestamp":"1529728600.751723289","source":"atc","message":"atc.collector.tick.resource-config-check-session-collector.done","log_level":0,"data":{"session":"36.3.7"}}
{"timestamp":"1529728600.751783371","source":"atc","message":"atc.collector.tick.container-collector.start","log_level":0,"data":{"session":"36.3.8"}}
{"timestamp":"1529728600.755314350","source":"atc","message":"atc.collector.tick.container-collector.done","log_level":0,"data":{"session":"36.3.8"}}
{"timestamp":"1529728600.755347967","source":"atc","message":"atc.collector.tick.volume-collector.start","log_level":0,"data":{"session":"36.3.9"}}
{"timestamp":"1529728600.757053137","source":"atc","message":"atc.collector.tick.volume-collector.done","log_level":0,"data":{"session":"36.3.9"}}
{"timestamp":"1529728600.757557869","source":"atc","message":"atc.collector.tick.release.released","log_level":0,"data":{"id":[3,-824445620],"session":"36.3.10"}}
{"timestamp":"1529728610.736750364","source":"atc","message":"atc.build-tracker.track.start","log_level":0,"data":{"session":"34.11"}}
{"timestamp":"1529728610.739512920","source":"atc","message":"atc.build-tracker.track.done","log_level":0,"data":{"session":"34.11"}}
{"timestamp":"1529728620.736734629","source":"atc","message":"atc.build-tracker.track.start","log_level":0,"data":{"session":"34.12"}}
{"timestamp":"1529728620.739617825","source":"atc","message":"atc.build-tracker.track.done","log_level":0,"data":{"session":"34.12"}}
{"timestamp":"1529728627.959921598","source":"atc","message":"atc.list-destroying-containers-worker.list","log_level":0,"data":{"destroying-container-count":0,"name":"89a60a5b-2500-4040-8d54-4e4b199e4509","session":"102"}}
{"timestamp":"1529728627.978361130","source":"atc","message":"atc.report-containers-for-worker.handles-info","log_level":0,"data":{"name":"89a60a5b-2500-4040-8d54-4e4b199e4509","num-handles":0,"session":"105"}}
{"timestamp":"1529728627.998587847","source":"atc","message":"atc.marked-volumes-for-worker.list","log_level":0,"data":{"destroying-volume-count":0,"session":"108","worker_name":"89a60a5b-2500-4040-8d54-4e4b199e4509"}}
{"timestamp":"1529728628.017011404","source":"atc","message":"atc.report-volumes-for-worker.handles-info","log_level":0,"data":{"handles-count":0,"name":"89a60a5b-2500-4040-8d54-4e4b199e4509","session":"113"}}
{"timestamp":"1529728630.737127066","source":"atc","message":"atc.build-tracker.track.start","log_level":0,"data":{"session":"34.13"}}
{"timestamp":"1529728630.737936974","source":"atc","message":"atc.build-log-collector.tick.acquire.acquired","log_level":0,"data":{"id":[3,997540461],"session":"38.4.1"}}
{"timestamp":"1529728630.737993002","source":"atc","message":"atc.build-log-collector.tick.build-reaper.start","log_level":0,"data":{"session":"38.4.2"}}
{"timestamp":"1529728630.739567280","source":"atc","message":"atc.build-tracker.track.done","log_level":0,"data":{"session":"34.13"}}
{"timestamp":"1529728630.739835978","source":"atc","message":"atc.build-log-collector.tick.build-reaper.done","log_level":0,"data":{"session":"38.4.2"}}
{"timestamp":"1529728630.739871264","source":"atc","message":"atc.collector.tick.acquire.acquired","log_level":0,"data":{"id":[3,-824445620],"session":"36.4.1"}}
{"timestamp":"1529728630.739904881","source":"atc","message":"atc.collector.tick.build-collector.start","log_level":0,"data":{"session":"36.4.2"}}
{"timestamp":"1529728630.741440773","source":"atc","message":"atc.build-log-collector.tick.release.released","log_level":0,"data":{"id":[3,997540461],"session":"38.4.3"}}
{"timestamp":"1529728630.741859913","source":"atc","message":"atc.collector.tick.build-collector.done","log_level":0,"data":{"session":"36.4.2"}}
{"timestamp":"1529728630.741896629","source":"atc","message":"atc.collector.tick.worker-collector.start","log_level":0,"data":{"session":"36.4.3"}}
{"timestamp":"1529728630.745066643","source":"atc","message":"atc.collector.tick.worker-collector.done","log_level":0,"data":{"session":"36.4.3"}}
{"timestamp":"1529728630.745101452","source":"atc","message":"atc.collector.tick.resource-cache-use-collector.start","log_level":0,"data":{"session":"36.4.4"}}
{"timestamp":"1529728630.746134520","source":"atc","message":"atc.collector.tick.resource-cache-use-collector.done","log_level":0,"data":{"session":"36.4.4"}}
{"timestamp":"1529728630.746166706","source":"atc","message":"atc.collector.tick.resource-config-collector.start","log_level":0,"data":{"session":"36.4.5"}}
{"timestamp":"1529728630.746667147","source":"atc","message":"atc.collector.tick.resource-config-collector.done","log_level":0,"data":{"session":"36.4.5"}}
{"timestamp":"1529728630.746693134","source":"atc","message":"atc.collector.tick.resource-cache-collector.start","log_level":0,"data":{"session":"36.4.6"}}
{"timestamp":"1529728630.748765230","source":"atc","message":"atc.collector.tick.resource-cache-collector.done","log_level":0,"data":{"session":"36.4.6"}}
{"timestamp":"1529728630.748818874","source":"atc","message":"atc.collector.tick.resource-config-check-session-collector.start","log_level":0,"data":{"session":"36.4.7"}}
{"timestamp":"1529728630.751986265","source":"atc","message":"atc.collector.tick.resource-config-check-session-collector.done","log_level":0,"data":{"session":"36.4.7"}}
{"timestamp":"1529728630.752026081","source":"atc","message":"atc.collector.tick.container-collector.start","log_level":0,"data":{"session":"36.4.8"}}
{"timestamp":"1529728630.755949974","source":"atc","message":"atc.collector.tick.container-collector.done","log_level":0,"data":{"session":"36.4.8"}}
{"timestamp":"1529728630.755984068","source":"atc","message":"atc.collector.tick.volume-collector.start","log_level":0,"data":{"session":"36.4.9"}}
{"timestamp":"1529728630.757661581","source":"atc","message":"atc.collector.tick.volume-collector.done","log_level":0,"data":{"session":"36.4.9"}}
{"timestamp":"1529728630.758077860","source":"atc","message":"atc.collector.tick.release.released","log_level":0,"data":{"id":[3,-824445620],"session":"36.4.10"}}
{"timestamp":"1529728640.736922741","source":"atc","message":"atc.build-tracker.track.start","log_level":0,"data":{"session":"34.14"}}
{"timestamp":"1529728640.741664886","source":"atc","message":"atc.build-tracker.track.done","log_level":0,"data":{"session":"34.14"}}
{"timestamp":"1529728650.736944199","source":"atc","message":"atc.build-tracker.track.start","log_level":0,"data":{"session":"34.15"}}
{"timestamp":"1529728650.739159822","source":"atc","message":"atc.build-tracker.track.done","log_level":0,"data":{"session":"34.15"}}
{"timestamp":"1529728657.965710163","source":"atc","message":"atc.list-destroying-containers-worker.list","log_level":0,"data":{"destroying-container-count":0,"name":"89a60a5b-2500-4040-8d54-4e4b199e4509","session":"121"}}
{"timestamp":"1529728657.985564947","source":"atc","message":"atc.report-containers-for-worker.handles-info","log_level":0,"data":{"name":"89a60a5b-2500-4040-8d54-4e4b199e4509","num-handles":0,"session":"124"}}
{"timestamp":"1529728658.005938768","source":"atc","message":"atc.marked-volumes-for-worker.list","log_level":0,"data":{"destroying-volume-count":0,"session":"127","worker_name":"89a60a5b-2500-4040-8d54-4e4b199e4509"}}
{"timestamp":"1529728658.026682138","source":"atc","message":"atc.report-volumes-for-worker.handles-info","log_level":0,"data":{"handles-count":0,"name":"89a60a5b-2500-4040-8d54-4e4b199e4509","session":"132"}}
{"timestamp":"1529728660.736980677","source":"atc","message":"atc.build-tracker.track.start","log_level":0,"data":{"session":"34.16"}}
{"timestamp":"1529728660.737855911","source":"atc","message":"atc.build-log-collector.tick.acquire.acquired","log_level":0,"data":{"id":[3,997540461],"session":"38.5.1"}}
{"timestamp":"1529728660.737908363","source":"atc","message":"atc.build-log-collector.tick.build-reaper.start","log_level":0,"data":{"session":"38.5.2"}}
{"timestamp":"1529728660.738448381","source":"atc","message":"atc.build-tracker.track.done","log_level":0,"data":{"session":"34.16"}}
{"timestamp":"1529728660.738685846","source":"atc","message":"atc.build-log-collector.tick.build-reaper.done","log_level":0,"data":{"session":"38.5.2"}}
{"timestamp":"1529728660.738722563","source":"atc","message":"atc.collector.tick.acquire.acquired","log_level":0,"data":{"id":[3,-824445620],"session":"36.5.1"}}
{"timestamp":"1529728660.738757610","source":"atc","message":"atc.collector.tick.build-collector.start","log_level":0,"data":{"session":"36.5.2"}}
{"timestamp":"1529728660.739448786","source":"atc","message":"atc.build-log-collector.tick.release.released","log_level":0,"data":{"id":[3,997540461],"session":"38.5.3"}}
{"timestamp":"1529728660.739836931","source":"atc","message":"atc.collector.tick.build-collector.done","log_level":0,"data":{"session":"36.5.2"}}
{"timestamp":"1529728660.739860058","source":"atc","message":"atc.collector.tick.worker-collector.start","log_level":0,"data":{"session":"36.5.3"}}
{"timestamp":"1529728660.744450092","source":"atc","message":"atc.collector.tick.worker-collector.done","log_level":0,"data":{"session":"36.5.3"}}
{"timestamp":"1529728660.744525671","source":"atc","message":"atc.collector.tick.resource-cache-use-collector.start","log_level":0,"data":{"session":"36.5.4"}}
{"timestamp":"1529728660.745701313","source":"atc","message":"atc.collector.tick.resource-cache-use-collector.done","log_level":0,"data":{"session":"36.5.4"}}
{"timestamp":"1529728660.745729446","source":"atc","message":"atc.collector.tick.resource-config-collector.start","log_level":0,"data":{"session":"36.5.5"}}
{"timestamp":"1529728660.746327639","source":"atc","message":"atc.collector.tick.resource-config-collector.done","log_level":0,"data":{"session":"36.5.5"}}
{"timestamp":"1529728660.746360302","source":"atc","message":"atc.collector.tick.resource-cache-collector.start","log_level":0,"data":{"session":"36.5.6"}}
{"timestamp":"1529728660.749245405","source":"atc","message":"atc.collector.tick.resource-cache-collector.done","log_level":0,"data":{"session":"36.5.6"}}
{"timestamp":"1529728660.749326944","source":"atc","message":"atc.collector.tick.resource-config-check-session-collector.start","log_level":0,"data":{"session":"36.5.7"}}
{"timestamp":"1529728660.750931025","source":"atc","message":"atc.collector.tick.resource-config-check-session-collector.done","log_level":0,"data":{"session":"36.5.7"}}
{"timestamp":"1529728660.750995874","source":"atc","message":"atc.collector.tick.container-collector.start","log_level":0,"data":{"session":"36.5.8"}}
{"timestamp":"1529728660.753731728","source":"atc","message":"atc.collector.tick.container-collector.done","log_level":0,"data":{"session":"36.5.8"}}
{"timestamp":"1529728660.753794670","source":"atc","message":"atc.collector.tick.volume-collector.start","log_level":0,"data":{"session":"36.5.9"}}
{"timestamp":"1529728660.755497456","source":"atc","message":"atc.collector.tick.volume-collector.done","log_level":0,"data":{"session":"36.5.9"}}
{"timestamp":"1529728660.756008387","source":"atc","message":"atc.collector.tick.release.released","log_level":0,"data":{"id":[3,-824445620],"session":"36.5.10"}}
{"timestamp":"1529728670.736951113","source":"atc","message":"atc.build-tracker.track.start","log_level":0,"data":{"session":"34.17"}}
{"timestamp":"1529728670.739492893","source":"atc","message":"atc.build-tracker.track.done","log_level":0,"data":{"session":"34.17"}}
{"timestamp":"1529728680.736914873","source":"atc","message":"atc.build-tracker.track.start","log_level":0,"data":{"session":"34.18"}}
{"timestamp":"1529728680.739046335","source":"atc","message":"atc.build-tracker.track.done","log_level":0,"data":{"session":"34.18"}}
{"timestamp":"1529728687.965867281","source":"atc","message":"atc.list-destroying-containers-worker.list","log_level":0,"data":{"destroying-container-count":0,"name":"89a60a5b-2500-4040-8d54-4e4b199e4509","session":"140"}}
{"timestamp":"1529728687.986333609","source":"atc","message":"atc.report-containers-for-worker.handles-info","log_level":0,"data":{"name":"89a60a5b-2500-4040-8d54-4e4b199e4509","num-handles":0,"session":"143"}}
{"timestamp":"1529728688.008952856","source":"atc","message":"atc.marked-volumes-for-worker.list","log_level":0,"data":{"destroying-volume-count":0,"session":"146","worker_name":"89a60a5b-2500-4040-8d54-4e4b199e4509"}}
{"timestamp":"1529728688.028883457","source":"atc","message":"atc.report-volumes-for-worker.handles-info","log_level":0,"data":{"handles-count":0,"name":"89a60a5b-2500-4040-8d54-4e4b199e4509","session":"151"}}
{"timestamp":"1529728690.737057209","source":"atc","message":"atc.build-tracker.track.start","log_level":0,"data":{"session":"34.19"}}
{"timestamp":"1529728690.739141226","source":"atc","message":"atc.collector.tick.acquire.acquired","log_level":0,"data":{"id":[3,-824445620],"session":"36.6.1"}}
{"timestamp":"1529728690.739204407","source":"atc","message":"atc.collector.tick.build-collector.start","log_level":0,"data":{"session":"36.6.2"}}
{"timestamp":"1529728690.740305424","source":"atc","message":"atc.build-log-collector.tick.acquire.acquired","log_level":0,"data":{"id":[3,997540461],"session":"38.6.1"}}
{"timestamp":"1529728690.740421772","source":"atc","message":"atc.build-log-collector.tick.build-reaper.start","log_level":0,"data":{"session":"38.6.2"}}
{"timestamp":"1529728690.740655422","source":"atc","message":"atc.collector.tick.build-collector.done","log_level":0,"data":{"session":"36.6.2"}}
{"timestamp":"1529728690.740677595","source":"atc","message":"atc.collector.tick.worker-collector.start","log_level":0,"data":{"session":"36.6.3"}}
{"timestamp":"1529728690.740917444","source":"atc","message":"atc.build-log-collector.tick.build-reaper.done","log_level":0,"data":{"session":"38.6.2"}}
{"timestamp":"1529728690.741429329","source":"atc","message":"atc.build-log-collector.tick.release.released","log_level":0,"data":{"id":[3,997540461],"session":"38.6.3"}}
{"timestamp":"1529728690.744017601","source":"atc","message":"atc.collector.tick.worker-collector.done","log_level":0,"data":{"session":"36.6.3"}}
{"timestamp":"1529728690.744062185","source":"atc","message":"atc.collector.tick.resource-cache-use-collector.start","log_level":0,"data":{"session":"36.6.4"}}
{"timestamp":"1529728690.745063782","source":"atc","message":"atc.collector.tick.resource-cache-use-collector.done","log_level":0,"data":{"session":"36.6.4"}}
{"timestamp":"1529728690.745086193","source":"atc","message":"atc.collector.tick.resource-config-collector.start","log_level":0,"data":{"session":"36.6.5"}}
{"timestamp":"1529728690.745537996","source":"atc","message":"atc.collector.tick.resource-config-collector.done","log_level":0,"data":{"session":"36.6.5"}}
{"timestamp":"1529728690.745560884","source":"atc","message":"atc.collector.tick.resource-cache-collector.start","log_level":0,"data":{"session":"36.6.6"}}
{"timestamp":"1529728690.747433901","source":"atc","message":"atc.collector.tick.resource-cache-collector.done","log_level":0,"data":{"session":"36.6.6"}}
{"timestamp":"1529728690.747501612","source":"atc","message":"atc.collector.tick.resource-config-check-session-collector.start","log_level":0,"data":{"session":"36.6.7"}}
{"timestamp":"1529728690.747725725","source":"atc","message":"atc.build-tracker.track.done","log_level":0,"data":{"session":"34.19"}}
{"timestamp":"1529728690.749643326","source":"atc","message":"atc.collector.tick.resource-config-check-session-collector.done","log_level":0,"data":{"session":"36.6.7"}}
{"timestamp":"1529728690.749689341","source":"atc","message":"atc.collector.tick.container-collector.start","log_level":0,"data":{"session":"36.6.8"}}
{"timestamp":"1529728690.753145933","source":"atc","message":"atc.collector.tick.container-collector.done","log_level":0,"data":{"session":"36.6.8"}}
{"timestamp":"1529728690.753209114","source":"atc","message":"atc.collector.tick.volume-collector.start","log_level":0,"data":{"session":"36.6.9"}}
{"timestamp":"1529728690.755801916","source":"atc","message":"atc.collector.tick.volume-collector.done","log_level":0,"data":{"session":"36.6.9"}}
{"timestamp":"1529728690.756283045","source":"atc","message":"atc.collector.tick.release.released","log_level":0,"data":{"id":[3,-824445620],"session":"36.6.10"}}
{"timestamp":"1529728700.736935377","source":"atc","message":"atc.build-tracker.track.start","log_level":0,"data":{"session":"34.20"}}
{"timestamp":"1529728700.739176989","source":"atc","message":"atc.build-tracker.track.done","log_level":0,"data":{"session":"34.20"}}
{"timestamp":"1529728710.736921549","source":"atc","message":"atc.build-tracker.track.start","log_level":0,"data":{"session":"34.21"}}
{"timestamp":"1529728710.739107847","source":"atc","message":"atc.build-tracker.track.done","log_level":0,"data":{"session":"34.21"}}
{"timestamp":"1529728717.967782736","source":"atc","message":"atc.list-destroying-containers-worker.list","log_level":0,"data":{"destroying-container-count":0,"name":"89a60a5b-2500-4040-8d54-4e4b199e4509","session":"159"}}
{"timestamp":"1529728717.987959862","source":"atc","message":"atc.report-containers-for-worker.handles-info","log_level":0,"data":{"name":"89a60a5b-2500-4040-8d54-4e4b199e4509","num-handles":0,"session":"162"}}
{"timestamp":"1529728718.008385420","source":"atc","message":"atc.marked-volumes-for-worker.list","log_level":0,"data":{"destroying-volume-count":0,"session":"165","worker_name":"89a60a5b-2500-4040-8d54-4e4b199e4509"}}
{"timestamp":"1529728718.027136087","source":"atc","message":"atc.report-volumes-for-worker.handles-info","log_level":0,"data":{"handles-count":0,"name":"89a60a5b-2500-4040-8d54-4e4b199e4509","session":"170"}}
{"timestamp":"1529728720.737048864","source":"atc","message":"atc.build-tracker.track.start","log_level":0,"data":{"session":"34.22"}}
{"timestamp":"1529728720.738071203","source":"atc","message":"atc.build-log-collector.tick.acquire.acquired","log_level":0,"data":{"id":[3,997540461],"session":"38.7.1"}}
{"timestamp":"1529728720.738135338","source":"atc","message":"atc.build-log-collector.tick.build-reaper.start","log_level":0,"data":{"session":"38.7.2"}}
{"timestamp":"1529728720.738630056","source":"atc","message":"atc.build-tracker.track.done","log_level":0,"data":{"session":"34.22"}}
{"timestamp":"1529728720.738923788","source":"atc","message":"atc.build-log-collector.tick.build-reaper.done","log_level":0,"data":{"session":"38.7.2"}}
{"timestamp":"1529728720.738961458","source":"atc","message":"atc.collector.tick.acquire.acquired","log_level":0,"data":{"id":[3,-824445620],"session":"36.7.1"}}
{"timestamp":"1529728720.738995314","source":"atc","message":"atc.collector.tick.build-collector.start","log_level":0,"data":{"session":"36.7.2"}}
{"timestamp":"1529728720.739782095","source":"atc","message":"atc.build-log-collector.tick.release.released","log_level":0,"data":{"id":[3,997540461],"session":"38.7.3"}}
{"timestamp":"1529728720.740275860","source":"atc","message":"atc.collector.tick.build-collector.done","log_level":0,"data":{"session":"36.7.2"}}
{"timestamp":"1529728720.740308762","source":"atc","message":"atc.collector.tick.worker-collector.start","log_level":0,"data":{"session":"36.7.3"}}
{"timestamp":"1529728720.744245768","source":"atc","message":"atc.collector.tick.worker-collector.done","log_level":0,"data":{"session":"36.7.3"}}
{"timestamp":"1529728720.744352341","source":"atc","message":"atc.collector.tick.resource-cache-use-collector.start","log_level":0,"data":{"session":"36.7.4"}}
{"timestamp":"1529728720.745668411","source":"atc","message":"atc.collector.tick.resource-cache-use-collector.done","log_level":0,"data":{"session":"36.7.4"}}
{"timestamp":"1529728720.745702505","source":"atc","message":"atc.collector.tick.resource-config-collector.start","log_level":0,"data":{"session":"36.7.5"}}
{"timestamp":"1529728720.746602535","source":"atc","message":"atc.collector.tick.resource-config-collector.done","log_level":0,"data":{"session":"36.7.5"}}
{"timestamp":"1529728720.746634245","source":"atc","message":"atc.collector.tick.resource-cache-collector.start","log_level":0,"data":{"session":"36.7.6"}}
{"timestamp":"1529728720.749015808","source":"atc","message":"atc.collector.tick.resource-cache-collector.done","log_level":0,"data":{"session":"36.7.6"}}
{"timestamp":"1529728720.749101639","source":"atc","message":"atc.collector.tick.resource-config-check-session-collector.start","log_level":0,"data":{"session":"36.7.7"}}
{"timestamp":"1529728720.750967264","source":"atc","message":"atc.collector.tick.resource-config-check-session-collector.done","log_level":0,"data":{"session":"36.7.7"}}
{"timestamp":"1529728720.751011610","source":"atc","message":"atc.collector.tick.container-collector.start","log_level":0,"data":{"session":"36.7.8"}}
{"timestamp":"1529728720.753975630","source":"atc","message":"atc.collector.tick.container-collector.done","log_level":0,"data":{"session":"36.7.8"}}
{"timestamp":"1529728720.754045486","source":"atc","message":"atc.collector.tick.volume-collector.start","log_level":0,"data":{"session":"36.7.9"}}
{"timestamp":"1529728720.755778551","source":"atc","message":"atc.collector.tick.volume-collector.done","log_level":0,"data":{"session":"36.7.9"}}
{"timestamp":"1529728720.756211758","source":"atc","message":"atc.collector.tick.release.released","log_level":0,"data":{"id":[3,-824445620],"session":"36.7.10"}}
{"timestamp":"1529728730.736921310","source":"atc","message":"atc.build-tracker.track.start","log_level":0,"data":{"session":"34.23"}}
{"timestamp":"1529728730.739924192","source":"atc","message":"atc.build-tracker.track.done","log_level":0,"data":{"session":"34.23"}}
{"timestamp":"1529728740.736909866","source":"atc","message":"atc.build-tracker.track.start","log_level":0,"data":{"session":"34.24"}}
{"timestamp":"1529728740.739251137","source":"atc","message":"atc.build-tracker.track.done","log_level":0,"data":{"session":"34.24"}}
{"timestamp":"1529728747.970458984","source":"atc","message":"atc.list-destroying-containers-worker.list","log_level":0,"data":{"destroying-container-count":0,"name":"89a60a5b-2500-4040-8d54-4e4b199e4509","session":"178"}}
{"timestamp":"1529728747.991083145","source":"atc","message":"atc.report-containers-for-worker.handles-info","log_level":0,"data":{"name":"89a60a5b-2500-4040-8d54-4e4b199e4509","num-handles":0,"session":"181"}}
{"timestamp":"1529728748.011549234","source":"atc","message":"atc.marked-volumes-for-worker.list","log_level":0,"data":{"destroying-volume-count":0,"session":"184","worker_name":"89a60a5b-2500-4040-8d54-4e4b199e4509"}}
{"timestamp":"1529728748.030144453","source":"atc","message":"atc.report-volumes-for-worker.handles-info","log_level":0,"data":{"handles-count":0,"name":"89a60a5b-2500-4040-8d54-4e4b199e4509","session":"189"}}
{"timestamp":"1529728750.737076998","source":"atc","message":"atc.build-tracker.track.start","log_level":0,"data":{"session":"34.25"}}
{"timestamp":"1529728750.739176512","source":"atc","message":"atc.collector.tick.acquire.acquired","log_level":0,"data":{"id":[3,-824445620],"session":"36.8.1"}}
{"timestamp":"1529728750.739258289","source":"atc","message":"atc.collector.tick.build-collector.start","log_level":0,"data":{"session":"36.8.2"}}
{"timestamp":"1529728750.740425110","source":"atc","message":"atc.build-log-collector.tick.acquire.acquired","log_level":0,"data":{"id":[3,997540461],"session":"38.8.1"}}
{"timestamp":"1529728750.740501642","source":"atc","message":"atc.build-log-collector.tick.build-reaper.start","log_level":0,"data":{"session":"38.8.2"}}
{"timestamp":"1529728750.740768671","source":"atc","message":"atc.collector.tick.build-collector.done","log_level":0,"data":{"session":"36.8.2"}}
{"timestamp":"1529728750.740791321","source":"atc","message":"atc.collector.tick.worker-collector.start","log_level":0,"data":{"session":"36.8.3"}}
{"timestamp":"1529728750.741656780","source":"atc","message":"atc.build-log-collector.tick.build-reaper.done","log_level":0,"data":{"session":"38.8.2"}}
{"timestamp":"1529728750.742217541","source":"atc","message":"atc.build-log-collector.tick.release.released","log_level":0,"data":{"id":[3,997540461],"session":"38.8.3"}}
{"timestamp":"1529728750.744785547","source":"atc","message":"atc.collector.tick.worker-collector.done","log_level":0,"data":{"session":"36.8.3"}}
{"timestamp":"1529728750.744886875","source":"atc","message":"atc.collector.tick.resource-cache-use-collector.start","log_level":0,"data":{"session":"36.8.4"}}
{"timestamp":"1529728750.745979548","source":"atc","message":"atc.collector.tick.resource-cache-use-collector.done","log_level":0,"data":{"session":"36.8.4"}}
{"timestamp":"1529728750.746014118","source":"atc","message":"atc.collector.tick.resource-config-collector.start","log_level":0,"data":{"session":"36.8.5"}}
{"timestamp":"1529728750.746503830","source":"atc","message":"atc.collector.tick.resource-config-collector.done","log_level":0,"data":{"session":"36.8.5"}}
{"timestamp":"1529728750.746532679","source":"atc","message":"atc.collector.tick.resource-cache-collector.start","log_level":0,"data":{"session":"36.8.6"}}
{"timestamp":"1529728750.746776342","source":"atc","message":"atc.build-tracker.track.done","log_level":0,"data":{"session":"34.25"}}
{"timestamp":"1529728750.748796701","source":"atc","message":"atc.collector.tick.resource-cache-collector.done","log_level":0,"data":{"session":"36.8.6"}}
{"timestamp":"1529728750.748866320","source":"atc","message":"atc.collector.tick.resource-config-check-session-collector.start","log_level":0,"data":{"session":"36.8.7"}}
{"timestamp":"1529728750.751472235","source":"atc","message":"atc.collector.tick.resource-config-check-session-collector.done","log_level":0,"data":{"session":"36.8.7"}}
{"timestamp":"1529728750.751565933","source":"atc","message":"atc.collector.tick.container-collector.start","log_level":0,"data":{"session":"36.8.8"}}
{"timestamp":"1529728750.755132914","source":"atc","message":"atc.collector.tick.container-collector.done","log_level":0,"data":{"session":"36.8.8"}}
{"timestamp":"1529728750.755208015","source":"atc","message":"atc.collector.tick.volume-collector.start","log_level":0,"data":{"session":"36.8.9"}}
{"timestamp":"1529728750.756914139","source":"atc","message":"atc.collector.tick.volume-collector.done","log_level":0,"data":{"session":"36.8.9"}}
{"timestamp":"1529728750.757513762","source":"atc","message":"atc.collector.tick.release.released","log_level":0,"data":{"id":[3,-824445620],"session":"36.8.10"}}
